[15:54:12] [ServerMain/INFO]: Building unoptimized datafixer
[15:54:14] [ServerMain/INFO]: Environment: authHost='https://authserver.mojang.com', accountsHost='https://api.mojang.com', sessionHost='https://sessionserver.mojang.com', servicesHost='https://api.minecraftservices.com', name='PROD'
[15:54:16] [ServerMain/INFO]: Loaded 7 recipes
[15:54:17] [Server thread/INFO]: Starting minecraft server version 1.19.2
[15:54:17] [Server thread/INFO]: Loading properties
[15:54:17] [Server thread/INFO]: This server is running Purpur version git-Purpur-1774 (MC: 1.19.2) (Implementing API version 1.19.2-R0.1-SNAPSHOT) (Git: dca1dec on HEAD)
[15:54:17] [Server thread/INFO]: Server Ping Player Sample Count: 12
[15:54:17] [Server thread/INFO]: Using 4 threads for Netty based IO
[15:54:18] [Server thread/WARN]: [Pufferfish] SIMD operations are available for your server, but are not configured!
[15:54:18] [Server thread/WARN]: [Pufferfish] To enable additional optimizations, add "--add-modules=jdk.incubator.vector" to your startup flags, BEFORE the "-jar".
[15:54:18] [Server thread/WARN]: [Pufferfish] If you have already added this flag, then SIMD operations are not supported on your JVM or CPU.
[15:54:18] [Server thread/WARN]: [Pufferfish] Debug: Java: 17.0.1, test run: true
[15:54:18] [Server thread/INFO]: Default game type: SURVIVAL
[15:54:18] [Server thread/INFO]: Generating keypair
[15:54:18] [Server thread/INFO]: Starting Minecraft server on *:25565
[15:54:18] [Server thread/INFO]: Using default channel type
[15:54:18] [Server thread/INFO]: Paper: Using Java 11 compression from Velocity.
[15:54:18] [Server thread/INFO]: Paper: Using Java cipher from Velocity.
[15:54:22] [Server thread/ERROR]: [STDERR] [org.bukkit.craftbukkit.v1_19_R1.legacy.CraftLegacy] Initializing Legacy Material Support. Unless you have legacy plugins and/or data this is a bug!
[15:54:27] [Server thread/WARN]: Legacy plugin MoreFood v1.0 does not specify an api-version.
[15:54:27] [Server thread/INFO]: [MoreFood] Loading MoreFood v1.0
[15:54:27] [Server thread/INFO]: [spark] Loading spark v1.9.33
[15:54:27] [Server thread/INFO]: [MineChest] Loading MineChest v0.1.0-alpha.2
[15:54:27] [Server thread/INFO]: [GlassDropper] Loading GlassDropper v2.1.1
[15:54:27] [Server thread/INFO]: [TreeMe] Loading TreeMe v1.4.3
[15:54:27] [Server thread/INFO]: Server permissions file permissions.yml is empty, ignoring it
[15:54:27] [Server thread/WARN]: **** SERVER IS RUNNING IN OFFLINE/INSECURE MODE!
[15:54:27] [Server thread/WARN]: The server will make no attempt to authenticate usernames. Beware.
[15:54:27] [Server thread/WARN]: While this makes the game possible to play without internet access, it also opens up the ability for hackers to connect with any username they choose.
[15:54:27] [Server thread/WARN]: You will not be offered any support as long as the server allows offline-mode players to join.
[15:54:27] [Server thread/WARN]: To change this, set "online-mode" to "true" in the server.properties file.
[15:54:27] [Server thread/INFO]: Preparing level "world"
[15:54:29] [Server thread/INFO]: Preparing start region for dimension minecraft:overworld
[15:54:29] [Server thread/INFO]: Time elapsed: 411 ms
[15:54:29] [Server thread/INFO]: Preparing start region for dimension minecraft:the_nether
[15:54:29] [Server thread/INFO]: Time elapsed: 137 ms
[15:54:29] [Server thread/INFO]: Preparing start region for dimension minecraft:the_end
[15:54:29] [Server thread/INFO]: Time elapsed: 126 ms
[15:54:29] [Server thread/INFO]: [MoreFood] Enabling MoreFood v1.0*
[15:54:29] [Server thread/INFO]: [MoreFood] MoreFood started! Thank you for downloading that :3
[15:54:30] [Server thread/INFO]: [MoreFood] MoreFood: Milk Chocolate Bar created!
[15:54:30] [Server thread/INFO]: [MoreFood] MoreFood: Dark Chocolate Bar created!
[15:54:30] [Server thread/INFO]: [MoreFood] MoreFood: Hot Chocolate created!
[15:54:30] [Server thread/INFO]: [MoreFood] MoreFood: Chocolate Cake created!
[15:54:30] [Server thread/INFO]: [MoreFood] MoreFood: Coffee created!
[15:54:30] [Server thread/INFO]: [MoreFood] MoreFood: Coffee With Milk created!
[15:54:30] [Server thread/INFO]: [MoreFood] MoreFood: Energy Drink created!
[15:54:30] [Server thread/INFO]: [spark] Enabling spark v1.9.33
[15:54:31] [Server thread/INFO]: [spark] Using Paper ServerTickStartEvent for tick monitoring
[15:54:31] [Server thread/INFO]: [MineChest] Enabling MineChest v0.1.0-alpha.2
[15:54:31] [Server thread/INFO]: [MineChest] MineChest loaded!
[15:54:31] [Server thread/INFO]: [GlassDropper] Enabling GlassDropper v2.1.1
[15:54:31] [Server thread/INFO]: [TreeMe] Enabling TreeMe v1.4.3
[15:54:31] [Server thread/INFO]: Running delayed init tasks
[15:54:31] [Server thread/INFO]: Done (13.553s)! For help, type "help"
[15:54:32] [Craft Scheduler Thread - 2 - GlassDropper/INFO]: [GlassDropper] There is not a new update available.
[15:55:11] [Server thread/INFO]: Saving the game (this may take a moment!)
[15:55:12] [Server thread/INFO]: Saved the game
[15:55:14] [Server thread/INFO]: Stopping the server
[15:55:14] [Server thread/INFO]: Stopping server
[15:55:14] [Server thread/INFO]: [TreeMe] Disabling TreeMe v1.4.3
[15:55:14] [Server thread/INFO]: [GlassDropper] Disabling GlassDropper v2.1.1
[15:55:14] [Server thread/INFO]: [MineChest] Disabling MineChest v0.1.0-alpha.2
[15:55:14] [Server thread/INFO]: [MineChest] MineChest disabled!
[15:55:14] [Server thread/INFO]: [spark] Disabling spark v1.9.33
[15:55:14] [Server thread/INFO]: [MoreFood] Disabling MoreFood v1.0
[15:55:14] [Server thread/INFO]: [MoreFood] MoreFood disabled. Thank you for using this :3
[15:55:14] [Server thread/INFO]: Saving players
[15:55:14] [Server thread/INFO]: Saving worlds
[15:55:14] [Server thread/INFO]: Saving chunks for level 'ServerLevel[world]'/minecraft:overworld
[15:55:19] [Server thread/INFO]: Saving chunks for level 'ServerLevel[world_nether]'/minecraft:the_nether
[15:55:19] [Server thread/INFO]: Saving chunks for level 'ServerLevel[world_the_end]'/minecraft:the_end
[15:55:20] [Server thread/INFO]: ThreadedAnvilChunkStorage (world): All chunks are saved
[15:55:20] [Server thread/INFO]: ThreadedAnvilChunkStorage (DIM-1): All chunks are saved
[15:55:20] [Server thread/INFO]: ThreadedAnvilChunkStorage (DIM1): All chunks are saved
[15:55:20] [Server thread/INFO]: ThreadedAnvilChunkStorage: All dimensions are saved
[15:55:26] [Server thread/INFO]: Flushing Chunk IO
[15:55:26] [Server thread/INFO]: Closing Thread Pool
[15:55:26] [Server thread/INFO]: Closing Server
